<?xml version="1.0" encoding="UTF-8"?>
<!-- Generated by org.testng.reporters.JUnitXMLReporter -->
<testsuite ignored="0" hostname="DESKTOP-8CID97K" failures="0" tests="7" name="Default test" time="24.609" errors="0" timestamp="2023-02-03T10:59:51 IST">
  <testcase classname="testng.TestNG_7_Run_Testng_XML" name="facebook" time="2.807"/>
  <testcase classname="testng.TestNG_7_Run_Testng_XML" name="gmail" time="3.508"/>
  <testcase classname="testng.TestNG_7_Run_Testng_XML" name="google" time="1.086"/>
  <testcase classname="testng.TestNG_7_Run_Testng_XML" name="selenium" time="2.304"/>
  <testcase classname="testng.TestNG_7_Run_Testng_XML" name="swiggy" time="7.073"/>
  <testcase classname="testng.TestNG_7_Run_Testng_XML" name="twitter" time="2.016"/>
  <testcase classname="testng.TestNG_7_Run_Testng_XML" name="zomato" time="3.091"/>
</testsuite> <!-- Default test -->
