<?xml version="1.0" encoding="UTF-8"?>
<!-- Generated by org.testng.reporters.JUnitXMLReporter -->
<testsuite ignored="5" hostname="DESKTOP-8CID97K" failures="0" tests="2" name="Test" time="13.85" errors="0" timestamp="2023-02-03T11:15:39 IST">
  <testcase classname="testng.TestNG_7_Run_Testng_XML" name="swiggy" time="9.12"/>
  <testcase classname="testng.TestNG_7_Run_Testng_XML" name="zomato" time="2.338"/>
  <testcase classname="testng.TestNG_7_Run_Testng_XML" name="google" time="0.0">
    <ignored/>
  </testcase> <!-- google -->
  <testcase classname="testng.TestNG_7_Run_Testng_XML" name="facebook" time="0.0">
    <ignored/>
  </testcase> <!-- facebook -->
  <testcase classname="testng.TestNG_7_Run_Testng_XML" name="selenium" time="0.0">
    <ignored/>
  </testcase> <!-- selenium -->
  <testcase classname="testng.TestNG_7_Run_Testng_XML" name="gmail" time="0.0">
    <ignored/>
  </testcase> <!-- gmail -->
  <testcase classname="testng.TestNG_7_Run_Testng_XML" name="twitter" time="0.0">
    <ignored/>
  </testcase> <!-- twitter -->
</testsuite> <!-- Test -->
