<?xml version="1.0" encoding="UTF-8"?>
<testng-results ignored="5" total="7" passed="2" failed="0" skipped="0">
  <reporter-output>
  </reporter-output>
  <suite started-at="2023-02-03T11:15:25 IST" name="Suite" finished-at="2023-02-03T11:15:39 IST" duration-ms="13850">
    <groups>
      <group name="food">
        <method signature="TestNG_7_Run_Testng_XML.swiggy()[pri:0, instance:testng.TestNG_7_Run_Testng_XML@60bd273d]" name="swiggy" class="testng.TestNG_7_Run_Testng_XML"/>
        <method signature="TestNG_7_Run_Testng_XML.zomato()[pri:0, instance:testng.TestNG_7_Run_Testng_XML@60bd273d]" name="zomato" class="testng.TestNG_7_Run_Testng_XML"/>
      </group> <!-- food -->
    </groups>
    <test started-at="2023-02-03T11:15:25 IST" name="Test" finished-at="2023-02-03T11:15:39 IST" duration-ms="13850">
      <class name="testng.TestNG_7_Run_Testng_XML">
        <test-method is-config="true" signature="beforeTest()[pri:0, instance:testng.TestNG_7_Run_Testng_XML@60bd273d]" started-at="2023-02-03T11:15:25 IST" name="beforeTest" finished-at="2023-02-03T11:15:27 IST" duration-ms="2351" status="PASS">
          <reporter-output>
          </reporter-output>
        </test-method> <!-- beforeTest -->
        <test-method signature="swiggy()[pri:0, instance:testng.TestNG_7_Run_Testng_XML@60bd273d]" started-at="2023-02-03T11:15:27 IST" name="swiggy" finished-at="2023-02-03T11:15:36 IST" duration-ms="9120" status="PASS">
          <reporter-output>
          </reporter-output>
        </test-method> <!-- swiggy -->
        <test-method signature="zomato()[pri:0, instance:testng.TestNG_7_Run_Testng_XML@60bd273d]" started-at="2023-02-03T11:15:36 IST" name="zomato" finished-at="2023-02-03T11:15:39 IST" duration-ms="2338" status="PASS">
          <reporter-output>
          </reporter-output>
        </test-method> <!-- zomato -->
      </class> <!-- testng.TestNG_7_Run_Testng_XML -->
    </test> <!-- Test -->
  </suite> <!-- Suite -->
</testng-results>
